{"/Users/Nikhila/Documents/foundersandcoders/Week3/scrabble/index.js":{"path":"/Users/Nikhila/Documents/foundersandcoders/Week3/scrabble/index.js","s":{"1":1,"2":1,"3":1,"4":4,"5":1,"6":3,"7":3,"8":3,"9":3,"10":1,"11":2,"12":1,"13":2,"14":1,"15":2,"16":2,"17":1,"18":1,"19":1,"20":235887,"21":4,"22":1,"23":1},"b":{"1":[1,3],"2":[4,4],"3":[1,1],"4":[1,1],"5":[4,235883]},"f":{"1":4,"2":3,"3":2,"4":1},"fnMap":{"1":{"name":"(anonymous_1)","line":4,"loc":{"start":{"line":4,"column":12},"end":{"line":4,"column":32}}},"2":{"name":"(anonymous_2)","line":9,"loc":{"start":{"line":9,"column":32},"end":{"line":9,"column":53}}},"3":{"name":"(anonymous_3)","line":15,"loc":{"start":{"line":15,"column":11},"end":{"line":15,"column":37}}},"4":{"name":"(anonymous_4)","line":26,"loc":{"start":{"line":26,"column":14},"end":{"line":26,"column":40}}}},"statementMap":{"1":{"start":{"line":1,"column":0},"end":{"line":1,"column":23}},"2":{"start":{"line":2,"column":0},"end":{"line":2,"column":12}},"3":{"start":{"line":4,"column":0},"end":{"line":13,"column":1}},"4":{"start":{"line":5,"column":2},"end":{"line":7,"column":3}},"5":{"start":{"line":6,"column":4},"end":{"line":6,"column":60}},"6":{"start":{"line":8,"column":2},"end":{"line":8,"column":42}},"7":{"start":{"line":9,"column":2},"end":{"line":12,"column":5}},"8":{"start":{"line":10,"column":4},"end":{"line":10,"column":32}},"9":{"start":{"line":11,"column":4},"end":{"line":11,"column":35}},"10":{"start":{"line":15,"column":0},"end":{"line":24,"column":1}},"11":{"start":{"line":16,"column":2},"end":{"line":18,"column":3}},"12":{"start":{"line":17,"column":4},"end":{"line":17,"column":21}},"13":{"start":{"line":19,"column":2},"end":{"line":21,"column":3}},"14":{"start":{"line":20,"column":4},"end":{"line":20,"column":27}},"15":{"start":{"line":22,"column":2},"end":{"line":22,"column":47}},"16":{"start":{"line":23,"column":2},"end":{"line":23,"column":30}},"17":{"start":{"line":26,"column":0},"end":{"line":35,"column":1}},"18":{"start":{"line":28,"column":2},"end":{"line":28,"column":17}},"19":{"start":{"line":29,"column":2},"end":{"line":33,"column":3}},"20":{"start":{"line":30,"column":4},"end":{"line":32,"column":5}},"21":{"start":{"line":31,"column":6},"end":{"line":31,"column":30}},"22":{"start":{"line":34,"column":2},"end":{"line":34,"column":31}},"23":{"start":{"line":50,"column":0},"end":{"line":50,"column":20}}},"branchMap":{"1":{"line":5,"type":"if","locations":[{"start":{"line":5,"column":2},"end":{"line":5,"column":2}},{"start":{"line":5,"column":2},"end":{"line":5,"column":2}}]},"2":{"line":5,"type":"binary-expr","locations":[{"start":{"line":5,"column":6},"end":{"line":5,"column":15}},{"start":{"line":5,"column":19},"end":{"line":5,"column":49}}]},"3":{"line":16,"type":"if","locations":[{"start":{"line":16,"column":2},"end":{"line":16,"column":2}},{"start":{"line":16,"column":2},"end":{"line":16,"column":2}}]},"4":{"line":19,"type":"if","locations":[{"start":{"line":19,"column":2},"end":{"line":19,"column":2}},{"start":{"line":19,"column":2},"end":{"line":19,"column":2}}]},"5":{"line":30,"type":"if","locations":[{"start":{"line":30,"column":4},"end":{"line":30,"column":4}},{"start":{"line":30,"column":4},"end":{"line":30,"column":4}}]}}}}