{"/Users/Nikhila/Documents/foundersandcoders/Week3/scrabble/index.js":{"path":"/Users/Nikhila/Documents/foundersandcoders/Week3/scrabble/index.js","s":{"1":1,"2":1,"3":1,"4":3,"5":1,"6":2,"7":2,"8":2,"9":2,"10":1,"11":1,"12":178691,"13":1,"14":1,"15":2,"16":9,"17":5,"18":2,"19":1,"20":6,"21":16715,"22":1},"b":{"1":[1,2],"2":[3,3],"3":[5,4]},"f":{"1":3,"2":2,"3":1,"4":178691,"5":2,"6":6,"7":16715},"fnMap":{"1":{"name":"(anonymous_1)","line":4,"loc":{"start":{"line":4,"column":12},"end":{"line":4,"column":32}}},"2":{"name":"(anonymous_2)","line":9,"loc":{"start":{"line":9,"column":32},"end":{"line":9,"column":53}}},"3":{"name":"(anonymous_3)","line":38,"loc":{"start":{"line":38,"column":14},"end":{"line":38,"column":36}}},"4":{"name":"(anonymous_4)","line":40,"loc":{"start":{"line":40,"column":30},"end":{"line":40,"column":42}}},"5":{"name":"(anonymous_5)","line":46,"loc":{"start":{"line":46,"column":11},"end":{"line":46,"column":35}}},"6":{"name":"(anonymous_6)","line":55,"loc":{"start":{"line":55,"column":13},"end":{"line":55,"column":42}}},"7":{"name":"(anonymous_7)","line":57,"loc":{"start":{"line":57,"column":20},"end":{"line":57,"column":32}}}},"statementMap":{"1":{"start":{"line":1,"column":0},"end":{"line":1,"column":23}},"2":{"start":{"line":2,"column":0},"end":{"line":2,"column":12}},"3":{"start":{"line":4,"column":0},"end":{"line":13,"column":2}},"4":{"start":{"line":5,"column":2},"end":{"line":7,"column":3}},"5":{"start":{"line":6,"column":4},"end":{"line":6,"column":61}},"6":{"start":{"line":8,"column":2},"end":{"line":8,"column":42}},"7":{"start":{"line":9,"column":2},"end":{"line":12,"column":5}},"8":{"start":{"line":10,"column":4},"end":{"line":10,"column":32}},"9":{"start":{"line":11,"column":4},"end":{"line":11,"column":35}},"10":{"start":{"line":38,"column":0},"end":{"line":44,"column":2}},"11":{"start":{"line":40,"column":2},"end":{"line":42,"column":5}},"12":{"start":{"line":41,"column":4},"end":{"line":41,"column":28}},"13":{"start":{"line":43,"column":2},"end":{"line":43,"column":32}},"14":{"start":{"line":46,"column":0},"end":{"line":53,"column":2}},"15":{"start":{"line":47,"column":2},"end":{"line":51,"column":3}},"16":{"start":{"line":48,"column":4},"end":{"line":50,"column":5}},"17":{"start":{"line":49,"column":6},"end":{"line":49,"column":45}},"18":{"start":{"line":52,"column":2},"end":{"line":52,"column":15}},"19":{"start":{"line":55,"column":0},"end":{"line":60,"column":2}},"20":{"start":{"line":57,"column":2},"end":{"line":59,"column":5}},"21":{"start":{"line":58,"column":4},"end":{"line":58,"column":31}},"22":{"start":{"line":62,"column":0},"end":{"line":62,"column":20}}},"branchMap":{"1":{"line":5,"type":"if","locations":[{"start":{"line":5,"column":2},"end":{"line":5,"column":2}},{"start":{"line":5,"column":2},"end":{"line":5,"column":2}}]},"2":{"line":5,"type":"binary-expr","locations":[{"start":{"line":5,"column":6},"end":{"line":5,"column":15}},{"start":{"line":5,"column":19},"end":{"line":5,"column":49}}]},"3":{"line":48,"type":"if","locations":[{"start":{"line":48,"column":4},"end":{"line":48,"column":4}},{"start":{"line":48,"column":4},"end":{"line":48,"column":4}}]}}}}
