TN:
SF:/Users/Nikhila/Documents/foundersandcoders/Week3/scrabble/index.js
FN:4,(anonymous_1)
FN:9,(anonymous_2)
FN:15,(anonymous_3)
FN:26,(anonymous_4)
FNF:4
FNH:4
FNDA:4,(anonymous_1)
FNDA:3,(anonymous_2)
FNDA:2,(anonymous_3)
FNDA:1,(anonymous_4)
DA:1,1
DA:2,1
DA:4,1
DA:5,4
DA:6,1
DA:8,3
DA:9,3
DA:10,3
DA:11,3
DA:15,1
DA:16,2
DA:17,1
DA:19,2
DA:20,1
DA:22,2
DA:23,2
DA:26,1
DA:28,1
DA:29,1
DA:30,235887
DA:31,4
DA:34,1
DA:50,1
LF:23
LH:23
BRDA:5,1,0,1
BRDA:5,1,1,3
BRDA:5,2,0,4
BRDA:5,2,1,4
BRDA:16,3,0,1
BRDA:16,3,1,1
BRDA:19,4,0,1
BRDA:19,4,1,1
BRDA:30,5,0,4
BRDA:30,5,1,235883
BRF:10
BRH:10
end_of_record
