TN:
SF:/Users/Nikhila/Documents/foundersandcoders/Week3/scrabble/index.js
FN:4,(anonymous_1)
FN:9,(anonymous_2)
FN:38,(anonymous_3)
FN:40,(anonymous_4)
FN:46,(anonymous_5)
FN:55,(anonymous_6)
FN:57,(anonymous_7)
FNF:7
FNH:7
FNDA:3,(anonymous_1)
FNDA:2,(anonymous_2)
FNDA:1,(anonymous_3)
FNDA:178691,(anonymous_4)
FNDA:2,(anonymous_5)
FNDA:6,(anonymous_6)
FNDA:16715,(anonymous_7)
DA:1,1
DA:2,1
DA:4,1
DA:5,3
DA:6,1
DA:8,2
DA:9,2
DA:10,2
DA:11,2
DA:38,1
DA:40,1
DA:41,178691
DA:43,1
DA:46,1
DA:47,2
DA:48,9
DA:49,5
DA:52,2
DA:55,1
DA:57,6
DA:58,16715
DA:62,1
LF:22
LH:22
BRDA:5,1,0,1
BRDA:5,1,1,2
BRDA:5,2,0,3
BRDA:5,2,1,3
BRDA:48,3,0,5
BRDA:48,3,1,4
BRF:6
BRH:6
end_of_record
